c:\users\senıh.cerıt\desktop\sece\onlıneretaıl_dsp\onlıneretaıl_dsp\onlıneretaıl_dsp\x64\release\onlıneretaıl_dsp.pch
c:\users\senıh.cerıt\desktop\sece\onlıneretaıl_dsp\onlıneretaıl_dsp\onlıneretaıl_dsp\x64\release\vc141.pdb
c:\users\senıh.cerıt\desktop\sece\onlıneretaıl_dsp\onlıneretaıl_dsp\onlıneretaıl_dsp\x64\release\stdafx.obj
c:\users\senıh.cerıt\desktop\sece\onlıneretaıl_dsp\onlıneretaıl_dsp\onlıneretaıl_dsp\x64\release\source.obj
c:\users\senıh.cerıt\desktop\sece\onlıneretaıl_dsp\onlıneretaıl_dsp\onlıneretaıl_dsp\x64\release\onlıneretaıl.obj
c:\users\senıh.cerıt\desktop\v1-done-onlıneretaıl_dsp\onlıneretaıl_dsp\onlıneretaıl_dsp\onlıneretaıl_dsp\x64\release\onlıneretaıl_dsp.pch
c:\users\senıh.cerıt\desktop\v1-done-onlıneretaıl_dsp\onlıneretaıl_dsp\onlıneretaıl_dsp\onlıneretaıl_dsp\x64\release\vc141.pdb
c:\users\senıh.cerıt\desktop\v1-done-onlıneretaıl_dsp\onlıneretaıl_dsp\onlıneretaıl_dsp\onlıneretaıl_dsp\x64\release\stdafx.obj
c:\users\senıh.cerıt\desktop\v1-done-onlıneretaıl_dsp\onlıneretaıl_dsp\onlıneretaıl_dsp\onlıneretaıl_dsp\x64\release\source.obj
c:\users\senıh.cerıt\desktop\sece\onlıneretaıl_dsp\onlıneretaıl_dsp\x64\release\onlıneretaıl_dsp.exe
c:\users\senıh.cerıt\desktop\sece\onlıneretaıl_dsp\onlıneretaıl_dsp\x64\release\onlıneretaıl_dsp.pdb
c:\users\senih.cerit\desktop\sece\onlineretail_dsp\onlineretail_dsp\x64\release\onlineretail_dsp.ipdb
c:\users\senih.cerit\desktop\sece\onlineretail_dsp\onlineretail_dsp\x64\release\onlineretail_dsp.iobj
c:\users\senih.cerit\desktop\v1-done-onlineretail_dsp\onlineretail_dsp\onlineretail_dsp\onlineretail_dsp\x64\release\onlineretail.obj
c:\users\senih.cerit\desktop\v1-done-onlineretail_dsp\onlineretail_dsp\onlineretail_dsp\onlineretail_dsp\x64\release\source.obj
c:\users\senih.cerit\desktop\v1-done-onlineretail_dsp\onlineretail_dsp\onlineretail_dsp\onlineretail_dsp\x64\release\stdafx.obj
c:\users\senih.cerit\desktop\v1-done-onlineretail_dsp\onlineretail_dsp\onlineretail_dsp\onlineretail_dsp\x64\release\onlineretail_dsp.pch
c:\users\senih.cerit\desktop\v1-done-onlineretail_dsp\onlineretail_dsp\onlineretail_dsp\onlineretail_dsp\x64\release\vc141.pdb
c:\users\senih.cerit\desktop\v1-done-onlineretail_dsp\onlineretail_dsp\onlineretail_dsp\x64\release\onlineretail_dsp.pdb
c:\users\senih.cerit\desktop\v1-done-onlineretail_dsp\onlineretail_dsp\onlineretail_dsp\x64\release\onlineretail_dsp.exe
c:\users\senih.cerit\desktop\v1-done-onlineretail_dsp\onlineretail_dsp\onlineretail_dsp\onlineretail_dsp\x64\release\onlineretail_dsp.tlog\cl.command.1.tlog
c:\users\senih.cerit\desktop\v1-done-onlineretail_dsp\onlineretail_dsp\onlineretail_dsp\onlineretail_dsp\x64\release\onlineretail_dsp.tlog\cl.read.1.tlog
c:\users\senih.cerit\desktop\v1-done-onlineretail_dsp\onlineretail_dsp\onlineretail_dsp\onlineretail_dsp\x64\release\onlineretail_dsp.tlog\cl.write.1.tlog
c:\users\senih.cerit\desktop\v1-done-onlineretail_dsp\onlineretail_dsp\onlineretail_dsp\onlineretail_dsp\x64\release\onlineretail_dsp.tlog\link.command.1.tlog
c:\users\senih.cerit\desktop\v1-done-onlineretail_dsp\onlineretail_dsp\onlineretail_dsp\onlineretail_dsp\x64\release\onlineretail_dsp.tlog\link.read.1.tlog
c:\users\senih.cerit\desktop\v1-done-onlineretail_dsp\onlineretail_dsp\onlineretail_dsp\onlineretail_dsp\x64\release\onlineretail_dsp.tlog\link.write.1.tlog
c:\users\senih.cerit\desktop\v1-done-onlineretail_dsp\onlineretail_dsp\onlineretail_dsp\onlineretail_dsp\x64\release\onlineretail_dsp.tlog\onlineretail_dsp.write.1u.tlog
